2026-04-11T06:29:48.816+05:30 [NO_CORR] INFO  64793 --- [demo] [           main] c.f.g.c.CustomerServiceApplication       : Starting CustomerServiceApplication v0.0.1-SNAPSHOT using Java 22.0.2 with PID 64793 (/Users/sathnindu/Desktop/demo/microservices/customer-service/target/customer-service-0.0.1-SNAPSHOT.jar started by sathnindu in /Users/sathnindu/Develop/fractalx/FractalX)
2026-04-11T06:29:48.817+05:30 [NO_CORR] INFO  64793 --- [demo] [           main] c.f.g.c.CustomerServiceApplication       : The following 1 profile is active: "dev"
2026-04-11T06:29:48.908+05:30 [NO_CORR] INFO  64793 --- [demo] [kground-preinit] o.h.validator.internal.util.Version      : HV000001: Hibernate Validator 9.0.1.Final
2026-04-11T06:29:49.432+05:30 [NO_CORR] INFO  64793 --- [demo] [           main] o.f.r.NetScopeGrpcServerBeanOverrider    : NetScopeGrpcServerBeanOverrider: replaced 'netScopeGrpcServer' with CorrelationAwareNetScopeGrpcServer
2026-04-11T06:29:49.616+05:30 [NO_CORR] WARN  64793 --- [demo] [           main] trationDelegate$BeanPostProcessorChecker : Bean 'fractalXRuntimeAutoConfiguration' of type [org.fractalx.runtime.FractalXRuntimeAutoConfiguration] is not eligible for getting processed by all BeanPostProcessors (for example: not eligible for auto-proxying). The currently created BeanPostProcessor [netScopeGrpcInterceptorConfigurer] is declared through a non-static factory method on that class; consider declaring it as static instead.
2026-04-11T06:29:49.628+05:30 [NO_CORR] WARN  64793 --- [demo] [           main] trationDelegate$BeanPostProcessorChecker : Bean 'netScopeContextInterceptor' of type [org.fractalx.runtime.NetScopeContextInterceptor] is not eligible for getting processed by all BeanPostProcessors (for example: not eligible for auto-proxying). Is this bean getting eagerly injected/applied to a currently created BeanPostProcessor [netScopeGrpcInterceptorConfigurer]? Check the corresponding BeanPostProcessor declaration and its dependencies/advisors. If this bean does not have to be post-processed, declare it with ROLE_INFRASTRUCTURE.
2026-04-11T06:29:49.798+05:30 [NO_CORR] INFO  64793 --- [demo] [           main] o.a.coyote.http11.Http11NioProtocol      : Initializing ProtocolHandler ["http-nio-8081"]
2026-04-11T06:29:49.799+05:30 [NO_CORR] INFO  64793 --- [demo] [           main] o.apache.catalina.core.StandardService   : Starting service [Tomcat]
2026-04-11T06:29:49.799+05:30 [NO_CORR] INFO  64793 --- [demo] [           main] o.apache.catalina.core.StandardEngine    : Starting Servlet engine: [Apache Tomcat/11.0.20]
2026-04-11T06:29:50.075+05:30 [NO_CORR] INFO  64793 --- [demo] [           main] org.hibernate.orm.jpa                    : HHH008540: Processing PersistenceUnitInfo [name: default]
2026-04-11T06:29:50.106+05:30 [NO_CORR] INFO  64793 --- [demo] [           main] org.hibernate.orm.core                   : HHH000001: Hibernate ORM core version 7.2.7.Final
2026-04-11T06:29:50.311+05:30 [NO_CORR] INFO  64793 --- [demo] [           main] com.zaxxer.hikari.HikariDataSource       : HikariPool-1 - Starting...
2026-04-11T06:29:50.376+05:30 [NO_CORR] INFO  64793 --- [demo] [           main] com.zaxxer.hikari.pool.HikariPool        : HikariPool-1 - Added connection org.postgresql.jdbc.PgConnection@2b6ff016
2026-04-11T06:29:50.377+05:30 [NO_CORR] INFO  64793 --- [demo] [           main] com.zaxxer.hikari.HikariDataSource       : HikariPool-1 - Start completed.
2026-04-11T06:29:50.416+05:30 [NO_CORR] INFO  64793 --- [demo] [           main] org.hibernate.orm.connections.pooling    : HHH10001005: Database info:
	Database JDBC URL [jdbc:postgresql://localhost:5432/frx_1]
	Database driver: PostgreSQL JDBC Driver
	Database dialect: PostgreSQLDialect
	Database version: 16.6
	Default catalog/schema: frx_1/public
	Autocommit mode: undefined/unknown
	Isolation level: READ_COMMITTED [default READ_COMMITTED]
	JDBC fetch size: none
	Pool: DataSourceConnectionProvider
	Minimum pool size: undefined/unknown
	Maximum pool size: undefined/unknown
2026-04-11T06:29:50.824+05:30 [NO_CORR] INFO  64793 --- [demo] [           main] org.hibernate.orm.core                   : HHH000489: No JTA platform available (set 'hibernate.transaction.jta.platform' to enable JTA platform integration)
2026-04-11T06:29:50.870+05:30 [NO_CORR] WARN  64793 --- [demo] [           main] ConfigServletWebServerApplicationContext : Exception encountered during context initialization - cancelling refresh attempt: org.springframework.beans.factory.UnsatisfiedDependencyException: Error creating bean with name 'correlationTracingConfig' defined in URL [jar:nested:/Users/sathnindu/Desktop/demo/microservices/customer-service/target/customer-service-0.0.1-SNAPSHOT.jar/!BOOT-INF/classes/!/com/fractalx/generated/customerservice/CorrelationTracingConfig.class]: Unsatisfied dependency expressed through constructor parameter 0: No qualifying bean of type 'io.micrometer.tracing.Tracer' available: expected at least 1 bean which qualifies as autowire candidate. Dependency annotations: {}
2026-04-11T06:29:50.872+05:30 [NO_CORR] INFO  64793 --- [demo] [           main] com.zaxxer.hikari.HikariDataSource       : HikariPool-1 - Shutdown initiated...
2026-04-11T06:29:50.873+05:30 [NO_CORR] INFO  64793 --- [demo] [           main] com.zaxxer.hikari.HikariDataSource       : HikariPool-1 - Shutdown completed.
2026-04-11T06:29:50.875+05:30 [NO_CORR] INFO  64793 --- [demo] [           main] o.apache.catalina.core.StandardService   : Stopping service [Tomcat]
2026-04-11T06:29:50.887+05:30 [NO_CORR] ERROR 64793 --- [demo] [           main] o.s.b.d.LoggingFailureAnalysisReporter   : 

***************************
APPLICATION FAILED TO START
***************************

Description:

Parameter 0 of constructor in com.fractalx.generated.customerservice.CorrelationTracingConfig required a bean of type 'io.micrometer.tracing.Tracer' that could not be found.


Action:

Consider defining a bean of type 'io.micrometer.tracing.Tracer' in your configuration.

2026-04-11T06:31:28.622+05:30 [NO_CORR] INFO  65043 --- [demo] [           main] c.f.g.c.CustomerServiceApplication       : Starting CustomerServiceApplication v0.0.1-SNAPSHOT using Java 22.0.2 with PID 65043 (/Users/sathnindu/Desktop/demo/microservices/customer-service/target/customer-service-0.0.1-SNAPSHOT.jar started by sathnindu in /Users/sathnindu/Develop/fractalx/FractalX)
2026-04-11T06:31:28.623+05:30 [NO_CORR] INFO  65043 --- [demo] [           main] c.f.g.c.CustomerServiceApplication       : The following 1 profile is active: "dev"
2026-04-11T06:31:28.720+05:30 [NO_CORR] INFO  65043 --- [demo] [kground-preinit] o.h.validator.internal.util.Version      : HV000001: Hibernate Validator 9.0.1.Final
2026-04-11T06:31:29.266+05:30 [NO_CORR] INFO  65043 --- [demo] [           main] o.f.r.NetScopeGrpcServerBeanOverrider    : NetScopeGrpcServerBeanOverrider: replaced 'netScopeGrpcServer' with CorrelationAwareNetScopeGrpcServer
2026-04-11T06:31:29.454+05:30 [NO_CORR] WARN  65043 --- [demo] [           main] trationDelegate$BeanPostProcessorChecker : Bean 'fractalXRuntimeAutoConfiguration' of type [org.fractalx.runtime.FractalXRuntimeAutoConfiguration] is not eligible for getting processed by all BeanPostProcessors (for example: not eligible for auto-proxying). The currently created BeanPostProcessor [netScopeGrpcInterceptorConfigurer] is declared through a non-static factory method on that class; consider declaring it as static instead.
2026-04-11T06:31:29.464+05:30 [NO_CORR] WARN  65043 --- [demo] [           main] trationDelegate$BeanPostProcessorChecker : Bean 'netScopeContextInterceptor' of type [org.fractalx.runtime.NetScopeContextInterceptor] is not eligible for getting processed by all BeanPostProcessors (for example: not eligible for auto-proxying). Is this bean getting eagerly injected/applied to a currently created BeanPostProcessor [netScopeGrpcInterceptorConfigurer]? Check the corresponding BeanPostProcessor declaration and its dependencies/advisors. If this bean does not have to be post-processed, declare it with ROLE_INFRASTRUCTURE.
2026-04-11T06:31:29.642+05:30 [NO_CORR] INFO  65043 --- [demo] [           main] o.a.coyote.http11.Http11NioProtocol      : Initializing ProtocolHandler ["http-nio-8081"]
2026-04-11T06:31:29.643+05:30 [NO_CORR] INFO  65043 --- [demo] [           main] o.apache.catalina.core.StandardService   : Starting service [Tomcat]
2026-04-11T06:31:29.643+05:30 [NO_CORR] INFO  65043 --- [demo] [           main] o.apache.catalina.core.StandardEngine    : Starting Servlet engine: [Apache Tomcat/11.0.20]
2026-04-11T06:31:29.906+05:30 [NO_CORR] INFO  65043 --- [demo] [           main] org.hibernate.orm.jpa                    : HHH008540: Processing PersistenceUnitInfo [name: default]
2026-04-11T06:31:29.937+05:30 [NO_CORR] INFO  65043 --- [demo] [           main] org.hibernate.orm.core                   : HHH000001: Hibernate ORM core version 7.2.7.Final
2026-04-11T06:31:30.145+05:30 [NO_CORR] INFO  65043 --- [demo] [           main] com.zaxxer.hikari.HikariDataSource       : HikariPool-1 - Starting...
2026-04-11T06:31:30.201+05:30 [NO_CORR] INFO  65043 --- [demo] [           main] com.zaxxer.hikari.pool.HikariPool        : HikariPool-1 - Added connection org.postgresql.jdbc.PgConnection@7827cdfc
2026-04-11T06:31:30.201+05:30 [NO_CORR] INFO  65043 --- [demo] [           main] com.zaxxer.hikari.HikariDataSource       : HikariPool-1 - Start completed.
2026-04-11T06:31:30.230+05:30 [NO_CORR] INFO  65043 --- [demo] [           main] org.hibernate.orm.connections.pooling    : HHH10001005: Database info:
	Database JDBC URL [jdbc:postgresql://localhost:5432/frx_1]
	Database driver: PostgreSQL JDBC Driver
	Database dialect: PostgreSQLDialect
	Database version: 16.6
	Default catalog/schema: frx_1/public
	Autocommit mode: undefined/unknown
	Isolation level: READ_COMMITTED [default READ_COMMITTED]
	JDBC fetch size: none
	Pool: DataSourceConnectionProvider
	Minimum pool size: undefined/unknown
	Maximum pool size: undefined/unknown
2026-04-11T06:31:30.617+05:30 [NO_CORR] INFO  65043 --- [demo] [           main] org.hibernate.orm.core                   : HHH000489: No JTA platform available (set 'hibernate.transaction.jta.platform' to enable JTA platform integration)
2026-04-11T06:31:30.708+05:30 [NO_CORR] WARN  65043 --- [demo] [           main] c.f.g.c.FractalRegistryClient            : Could not register with fractalx-registry at 'http://localhost:8761': I/O error on POST request for "http://localhost:8761/services": Connection refused — verify that 'fractalx.registry.url' is correctly set in application.yml and that fractalx-registry is running.
2026-04-11T06:31:30.831+05:30 [NO_CORR] WARN  65043 --- [demo] [           main] ConfigServletWebServerApplicationContext : Exception encountered during context initialization - cancelling refresh attempt: org.springframework.beans.factory.BeanCreationException: Error creating bean with name 'openTelemetry' defined in class path resource [com/fractalx/generated/customerservice/OtelConfig.class]: Failed to instantiate [io.opentelemetry.api.OpenTelemetry]: Factory method 'openTelemetry' threw exception with message: 'void io.opentelemetry.exporter.internal.grpc.GrpcExporterBuilder.<init>(java.lang.String, java.lang.String, long, java.net.URI, java.util.function.Supplier, java.lang.String)'
2026-04-11T06:31:30.832+05:30 [NO_CORR] WARN  65043 --- [demo] [           main] c.f.g.c.FractalRegistryClient            : Could not deregister from fractalx-registry: I/O error on DELETE request for "http://localhost:8761/services/demo/deregister": Connection refused
2026-04-11T06:31:30.833+05:30 [NO_CORR] INFO  65043 --- [demo] [           main] com.zaxxer.hikari.HikariDataSource       : HikariPool-1 - Shutdown initiated...
2026-04-11T06:31:30.834+05:30 [NO_CORR] INFO  65043 --- [demo] [           main] com.zaxxer.hikari.HikariDataSource       : HikariPool-1 - Shutdown completed.
2026-04-11T06:31:30.836+05:30 [NO_CORR] INFO  65043 --- [demo] [           main] o.apache.catalina.core.StandardService   : Stopping service [Tomcat]
2026-04-11T06:31:30.847+05:30 [NO_CORR] ERROR 65043 --- [demo] [           main] o.s.b.d.LoggingFailureAnalysisReporter   : 

***************************
APPLICATION FAILED TO START
***************************

Description:

An attempt was made to call a method that does not exist. The attempt was made from the following location:

    io.opentelemetry.exporter.otlp.trace.OtlpGrpcSpanExporterBuilder.<init>(OtlpGrpcSpanExporterBuilder.java:46)

The following method did not exist:

    'void io.opentelemetry.exporter.internal.grpc.GrpcExporterBuilder.<init>(java.lang.String, java.lang.String, long, java.net.URI, java.util.function.Supplier, java.lang.String)'

The calling method's class, io.opentelemetry.exporter.otlp.trace.OtlpGrpcSpanExporterBuilder, was loaded from the following location:

    jar:nested:/Users/sathnindu/Desktop/demo/microservices/customer-service/target/customer-service-0.0.1-SNAPSHOT.jar/!BOOT-INF/lib/opentelemetry-exporter-otlp-1.32.0.jar!/io/opentelemetry/exporter/otlp/trace/OtlpGrpcSpanExporterBuilder.class

The called method's class, io.opentelemetry.exporter.internal.grpc.GrpcExporterBuilder, is available from the following locations:

    jar:nested:/Users/sathnindu/Desktop/demo/microservices/customer-service/target/customer-service-0.0.1-SNAPSHOT.jar/!BOOT-INF/lib/opentelemetry-exporter-common-1.55.0.jar!/io/opentelemetry/exporter/internal/grpc/GrpcExporterBuilder.class

The called method's class hierarchy was loaded from the following locations:

    io.opentelemetry.exporter.internal.grpc.GrpcExporterBuilder: jar:nested:/Users/sathnindu/Desktop/demo/microservices/customer-service/target/customer-service-0.0.1-SNAPSHOT.jar/!BOOT-INF/lib/opentelemetry-exporter-common-1.55.0.jar!/


Action:

Correct the classpath of your application so that it contains compatible versions of the classes io.opentelemetry.exporter.otlp.trace.OtlpGrpcSpanExporterBuilder and io.opentelemetry.exporter.internal.grpc.GrpcExporterBuilder

2026-04-11T06:38:35.739+05:30 [NO_CORR] INFO  66091 --- [demo] [           main] c.f.g.c.CustomerServiceApplication       : Starting CustomerServiceApplication v0.0.1-SNAPSHOT using Java 22.0.2 with PID 66091 (/Users/sathnindu/Desktop/demo/microservices/customer-service/target/customer-service-0.0.1-SNAPSHOT.jar started by sathnindu in /Users/sathnindu/Develop/fractalx/FractalX)
2026-04-11T06:38:35.741+05:30 [NO_CORR] INFO  66091 --- [demo] [           main] c.f.g.c.CustomerServiceApplication       : The following 1 profile is active: "dev"
2026-04-11T06:38:35.837+05:30 [NO_CORR] INFO  66091 --- [demo] [kground-preinit] o.h.validator.internal.util.Version      : HV000001: Hibernate Validator 9.0.1.Final
2026-04-11T06:38:36.381+05:30 [NO_CORR] INFO  66091 --- [demo] [           main] o.f.r.NetScopeGrpcServerBeanOverrider    : NetScopeGrpcServerBeanOverrider: replaced 'netScopeGrpcServer' with CorrelationAwareNetScopeGrpcServer
2026-04-11T06:38:36.573+05:30 [NO_CORR] WARN  66091 --- [demo] [           main] trationDelegate$BeanPostProcessorChecker : Bean 'fractalXRuntimeAutoConfiguration' of type [org.fractalx.runtime.FractalXRuntimeAutoConfiguration] is not eligible for getting processed by all BeanPostProcessors (for example: not eligible for auto-proxying). The currently created BeanPostProcessor [netScopeGrpcInterceptorConfigurer] is declared through a non-static factory method on that class; consider declaring it as static instead.
2026-04-11T06:38:36.584+05:30 [NO_CORR] WARN  66091 --- [demo] [           main] trationDelegate$BeanPostProcessorChecker : Bean 'netScopeContextInterceptor' of type [org.fractalx.runtime.NetScopeContextInterceptor] is not eligible for getting processed by all BeanPostProcessors (for example: not eligible for auto-proxying). Is this bean getting eagerly injected/applied to a currently created BeanPostProcessor [netScopeGrpcInterceptorConfigurer]? Check the corresponding BeanPostProcessor declaration and its dependencies/advisors. If this bean does not have to be post-processed, declare it with ROLE_INFRASTRUCTURE.
2026-04-11T06:38:36.764+05:30 [NO_CORR] INFO  66091 --- [demo] [           main] o.a.coyote.http11.Http11NioProtocol      : Initializing ProtocolHandler ["http-nio-8081"]
2026-04-11T06:38:36.765+05:30 [NO_CORR] INFO  66091 --- [demo] [           main] o.apache.catalina.core.StandardService   : Starting service [Tomcat]
2026-04-11T06:38:36.765+05:30 [NO_CORR] INFO  66091 --- [demo] [           main] o.apache.catalina.core.StandardEngine    : Starting Servlet engine: [Apache Tomcat/11.0.20]
2026-04-11T06:38:37.044+05:30 [NO_CORR] INFO  66091 --- [demo] [           main] org.hibernate.orm.jpa                    : HHH008540: Processing PersistenceUnitInfo [name: default]
2026-04-11T06:38:37.073+05:30 [NO_CORR] INFO  66091 --- [demo] [           main] org.hibernate.orm.core                   : HHH000001: Hibernate ORM core version 7.2.7.Final
2026-04-11T06:38:37.276+05:30 [NO_CORR] INFO  66091 --- [demo] [           main] com.zaxxer.hikari.HikariDataSource       : HikariPool-1 - Starting...
2026-04-11T06:38:37.329+05:30 [NO_CORR] INFO  66091 --- [demo] [           main] com.zaxxer.hikari.pool.HikariPool        : HikariPool-1 - Added connection org.postgresql.jdbc.PgConnection@3e265811
2026-04-11T06:38:37.330+05:30 [NO_CORR] INFO  66091 --- [demo] [           main] com.zaxxer.hikari.HikariDataSource       : HikariPool-1 - Start completed.
2026-04-11T06:38:37.358+05:30 [NO_CORR] INFO  66091 --- [demo] [           main] org.hibernate.orm.connections.pooling    : HHH10001005: Database info:
	Database JDBC URL [jdbc:postgresql://localhost:5432/frx_1]
	Database driver: PostgreSQL JDBC Driver
	Database dialect: PostgreSQLDialect
	Database version: 16.6
	Default catalog/schema: frx_1/public
	Autocommit mode: undefined/unknown
	Isolation level: READ_COMMITTED [default READ_COMMITTED]
	JDBC fetch size: none
	Pool: DataSourceConnectionProvider
	Minimum pool size: undefined/unknown
	Maximum pool size: undefined/unknown
2026-04-11T06:38:37.759+05:30 [NO_CORR] INFO  66091 --- [demo] [           main] org.hibernate.orm.core                   : HHH000489: No JTA platform available (set 'hibernate.transaction.jta.platform' to enable JTA platform integration)
2026-04-11T06:38:37.846+05:30 [NO_CORR] WARN  66091 --- [demo] [           main] c.f.g.c.FractalRegistryClient            : Could not register with fractalx-registry at 'http://localhost:8761': I/O error on POST request for "http://localhost:8761/services": Connection refused — verify that 'fractalx.registry.url' is correctly set in application.yml and that fractalx-registry is running.
2026-04-11T06:38:37.966+05:30 [NO_CORR] WARN  66091 --- [demo] [           main] ConfigServletWebServerApplicationContext : Exception encountered during context initialization - cancelling refresh attempt: org.springframework.beans.factory.BeanCreationException: Error creating bean with name 'openTelemetry' defined in class path resource [com/fractalx/generated/customerservice/OtelConfig.class]: Failed to instantiate [io.opentelemetry.api.OpenTelemetry]: Factory method 'openTelemetry' threw exception with message: 'void io.opentelemetry.exporter.internal.grpc.GrpcExporterBuilder.<init>(java.lang.String, java.lang.String, long, java.net.URI, java.util.function.Supplier, java.lang.String)'
2026-04-11T06:38:37.967+05:30 [NO_CORR] WARN  66091 --- [demo] [           main] c.f.g.c.FractalRegistryClient            : Could not deregister from fractalx-registry: I/O error on DELETE request for "http://localhost:8761/services/demo/deregister": Connection refused
2026-04-11T06:38:37.968+05:30 [NO_CORR] INFO  66091 --- [demo] [           main] com.zaxxer.hikari.HikariDataSource       : HikariPool-1 - Shutdown initiated...
2026-04-11T06:38:37.969+05:30 [NO_CORR] INFO  66091 --- [demo] [           main] com.zaxxer.hikari.HikariDataSource       : HikariPool-1 - Shutdown completed.
2026-04-11T06:38:37.971+05:30 [NO_CORR] INFO  66091 --- [demo] [           main] o.apache.catalina.core.StandardService   : Stopping service [Tomcat]
2026-04-11T06:38:37.982+05:30 [NO_CORR] ERROR 66091 --- [demo] [           main] o.s.b.d.LoggingFailureAnalysisReporter   : 

***************************
APPLICATION FAILED TO START
***************************

Description:

An attempt was made to call a method that does not exist. The attempt was made from the following location:

    io.opentelemetry.exporter.otlp.trace.OtlpGrpcSpanExporterBuilder.<init>(OtlpGrpcSpanExporterBuilder.java:46)

The following method did not exist:

    'void io.opentelemetry.exporter.internal.grpc.GrpcExporterBuilder.<init>(java.lang.String, java.lang.String, long, java.net.URI, java.util.function.Supplier, java.lang.String)'

The calling method's class, io.opentelemetry.exporter.otlp.trace.OtlpGrpcSpanExporterBuilder, was loaded from the following location:

    jar:nested:/Users/sathnindu/Desktop/demo/microservices/customer-service/target/customer-service-0.0.1-SNAPSHOT.jar/!BOOT-INF/lib/opentelemetry-exporter-otlp-1.32.0.jar!/io/opentelemetry/exporter/otlp/trace/OtlpGrpcSpanExporterBuilder.class

The called method's class, io.opentelemetry.exporter.internal.grpc.GrpcExporterBuilder, is available from the following locations:

    jar:nested:/Users/sathnindu/Desktop/demo/microservices/customer-service/target/customer-service-0.0.1-SNAPSHOT.jar/!BOOT-INF/lib/opentelemetry-exporter-common-1.55.0.jar!/io/opentelemetry/exporter/internal/grpc/GrpcExporterBuilder.class

The called method's class hierarchy was loaded from the following locations:

    io.opentelemetry.exporter.internal.grpc.GrpcExporterBuilder: jar:nested:/Users/sathnindu/Desktop/demo/microservices/customer-service/target/customer-service-0.0.1-SNAPSHOT.jar/!BOOT-INF/lib/opentelemetry-exporter-common-1.55.0.jar!/


Action:

Correct the classpath of your application so that it contains compatible versions of the classes io.opentelemetry.exporter.otlp.trace.OtlpGrpcSpanExporterBuilder and io.opentelemetry.exporter.internal.grpc.GrpcExporterBuilder

2026-04-11T06:45:49.501+05:30 [NO_CORR] INFO  66925 --- [demo] [           main] c.f.g.c.CustomerServiceApplication       : Starting CustomerServiceApplication v0.0.1-SNAPSHOT using Java 22.0.2 with PID 66925 (/Users/sathnindu/Desktop/demo/microservices/customer-service/target/customer-service-0.0.1-SNAPSHOT.jar started by sathnindu in /Users/sathnindu/Develop/fractalx/FractalX)
2026-04-11T06:45:49.503+05:30 [NO_CORR] INFO  66925 --- [demo] [           main] c.f.g.c.CustomerServiceApplication       : The following 1 profile is active: "dev"
2026-04-11T06:45:49.594+05:30 [NO_CORR] INFO  66925 --- [demo] [kground-preinit] o.h.validator.internal.util.Version      : HV000001: Hibernate Validator 9.0.1.Final
2026-04-11T06:45:50.109+05:30 [NO_CORR] INFO  66925 --- [demo] [           main] o.f.r.NetScopeGrpcServerBeanOverrider    : NetScopeGrpcServerBeanOverrider: replaced 'netScopeGrpcServer' with CorrelationAwareNetScopeGrpcServer
2026-04-11T06:45:50.293+05:30 [NO_CORR] WARN  66925 --- [demo] [           main] trationDelegate$BeanPostProcessorChecker : Bean 'fractalXRuntimeAutoConfiguration' of type [org.fractalx.runtime.FractalXRuntimeAutoConfiguration] is not eligible for getting processed by all BeanPostProcessors (for example: not eligible for auto-proxying). The currently created BeanPostProcessor [netScopeGrpcInterceptorConfigurer] is declared through a non-static factory method on that class; consider declaring it as static instead.
2026-04-11T06:45:50.305+05:30 [NO_CORR] WARN  66925 --- [demo] [           main] trationDelegate$BeanPostProcessorChecker : Bean 'netScopeContextInterceptor' of type [org.fractalx.runtime.NetScopeContextInterceptor] is not eligible for getting processed by all BeanPostProcessors (for example: not eligible for auto-proxying). Is this bean getting eagerly injected/applied to a currently created BeanPostProcessor [netScopeGrpcInterceptorConfigurer]? Check the corresponding BeanPostProcessor declaration and its dependencies/advisors. If this bean does not have to be post-processed, declare it with ROLE_INFRASTRUCTURE.
2026-04-11T06:45:50.481+05:30 [NO_CORR] INFO  66925 --- [demo] [           main] o.a.coyote.http11.Http11NioProtocol      : Initializing ProtocolHandler ["http-nio-8081"]
2026-04-11T06:45:50.482+05:30 [NO_CORR] INFO  66925 --- [demo] [           main] o.apache.catalina.core.StandardService   : Starting service [Tomcat]
2026-04-11T06:45:50.482+05:30 [NO_CORR] INFO  66925 --- [demo] [           main] o.apache.catalina.core.StandardEngine    : Starting Servlet engine: [Apache Tomcat/11.0.20]
2026-04-11T06:45:50.741+05:30 [NO_CORR] INFO  66925 --- [demo] [           main] org.hibernate.orm.jpa                    : HHH008540: Processing PersistenceUnitInfo [name: default]
2026-04-11T06:45:50.770+05:30 [NO_CORR] INFO  66925 --- [demo] [           main] org.hibernate.orm.core                   : HHH000001: Hibernate ORM core version 7.2.7.Final
2026-04-11T06:45:50.970+05:30 [NO_CORR] INFO  66925 --- [demo] [           main] com.zaxxer.hikari.HikariDataSource       : HikariPool-1 - Starting...
2026-04-11T06:45:51.026+05:30 [NO_CORR] INFO  66925 --- [demo] [           main] com.zaxxer.hikari.pool.HikariPool        : HikariPool-1 - Added connection org.postgresql.jdbc.PgConnection@2b6ff016
2026-04-11T06:45:51.026+05:30 [NO_CORR] INFO  66925 --- [demo] [           main] com.zaxxer.hikari.HikariDataSource       : HikariPool-1 - Start completed.
2026-04-11T06:45:51.069+05:30 [NO_CORR] INFO  66925 --- [demo] [           main] org.hibernate.orm.connections.pooling    : HHH10001005: Database info:
	Database JDBC URL [jdbc:postgresql://localhost:5432/frx_1]
	Database driver: PostgreSQL JDBC Driver
	Database dialect: PostgreSQLDialect
	Database version: 16.6
	Default catalog/schema: frx_1/public
	Autocommit mode: undefined/unknown
	Isolation level: READ_COMMITTED [default READ_COMMITTED]
	JDBC fetch size: none
	Pool: DataSourceConnectionProvider
	Minimum pool size: undefined/unknown
	Maximum pool size: undefined/unknown
2026-04-11T06:45:51.483+05:30 [NO_CORR] INFO  66925 --- [demo] [           main] org.hibernate.orm.core                   : HHH000489: No JTA platform available (set 'hibernate.transaction.jta.platform' to enable JTA platform integration)
2026-04-11T06:45:51.571+05:30 [NO_CORR] WARN  66925 --- [demo] [           main] c.f.g.c.FractalRegistryClient            : Could not register with fractalx-registry at 'http://localhost:8761': I/O error on POST request for "http://localhost:8761/services": Connection refused — verify that 'fractalx.registry.url' is correctly set in application.yml and that fractalx-registry is running.
2026-04-11T06:45:51.741+05:30 [NO_CORR] WARN  66925 --- [demo] [           main] JpaBaseConfiguration$JpaWebConfiguration : spring.jpa.open-in-view is enabled by default. Therefore, database queries may be performed during view rendering. Explicitly configure spring.jpa.open-in-view to disable this warning
2026-04-11T06:45:51.820+05:30 [NO_CORR] WARN  66925 --- [demo] [           main] .s.a.UserDetailsServiceAutoConfiguration : 

Using generated security password: 8ffcd954-ce6d-4743-b386-25f76c1485cd

This generated password is for development use only. Your security configuration must be updated before running your application in production.

2026-04-11T06:45:51.978+05:30 [NO_CORR] INFO  66925 --- [demo] [           main] o.f.n.s.c.NetScopeAutoConfiguration      : NetScope Auto-Configuration initialized
2026-04-11T06:45:51.983+05:30 [NO_CORR] DEBUG 66925 --- [demo] [           main] o.f.n.server.core.NetScopeInvoker        : NetScope: Project Reactor not on classpath — reactive unwrapping disabled
2026-04-11T06:45:51.984+05:30 [NO_CORR] DEBUG 66925 --- [demo] [           main] o.f.r.NetScopeObjectMapperConfigurer     : NetScopeObjectMapperConfigurer: registered JavaTimeModule on NetScopeInvoker
2026-04-11T06:45:51.985+05:30 [NO_CORR] WARN  66925 --- [demo] [           main] o.f.n.s.s.OAuth2AuthorizationService     : NetScope: Security DISABLED — all methods accessible without authentication
2026-04-11T06:45:51.989+05:30 [NO_CORR] INFO  66925 --- [demo] [           main] o.f.n.s.grpc.NetScopeGrpcServiceImpl     : NetScope gRPC service initialized
2026-04-11T06:45:52.293+05:30 [NO_CORR] INFO  66925 --- [demo] [           main] .f.n.c.c.NetScopeClientAutoConfiguration : NetScope Client Auto-Configuration initialized
2026-04-11T06:45:52.296+05:30 [NO_CORR] DEBUG 66925 --- [demo] [           main] o.f.n.client.reactive.ReactiveSupport    : NetScope client: Project Reactor not on classpath — reactive return types disabled
2026-04-11T06:45:52.320+05:30 [NO_CORR] INFO  66925 --- [demo] [           main] o.f.r.NetScopeGrpcInterceptorConfigurer  : NetScopeGrpcInterceptorConfigurer: correlation ClientInterceptor wired into NetScopeChannelFactory
2026-04-11T06:45:52.677+05:30 [NO_CORR] INFO  66925 --- [demo] [           main] o.f.r.CorrelationAwareNetScopeGrpcServer : CorrelationAwareNetScopeGrpcServer started on port 18081 with correlation interceptor
2026-04-11T06:45:52.700+05:30 [NO_CORR] INFO  66925 --- [demo] [           main] o.a.coyote.http11.Http11NioProtocol      : Starting ProtocolHandler ["http-nio-8081"]
2026-04-11T06:45:52.709+05:30 [NO_CORR] INFO  66925 --- [demo] [           main] c.f.g.c.CustomerServiceApplication       : Started CustomerServiceApplication in 3.488 seconds (process running for 3.84)
2026-04-11T06:46:10.832+05:30 [NO_CORR] INFO  66925 --- [demo] [ionShutdownHook] o.f.n.c.core.NetScopeChannelFactory      : NetScope client: shutting down 0 gRPC channel(s)
2026-04-11T06:46:10.835+05:30 [NO_CORR] WARN  66925 --- [demo] [ionShutdownHook] c.f.g.c.FractalRegistryClient            : Could not deregister from fractalx-registry: I/O error on DELETE request for "http://localhost:8761/services/demo/deregister": Connection refused
2026-04-11T06:46:10.838+05:30 [NO_CORR] INFO  66925 --- [demo] [ionShutdownHook] com.zaxxer.hikari.HikariDataSource       : HikariPool-1 - Shutdown initiated...
2026-04-11T06:46:10.840+05:30 [NO_CORR] INFO  66925 --- [demo] [ionShutdownHook] com.zaxxer.hikari.HikariDataSource       : HikariPool-1 - Shutdown completed.
